build/app/intermediates/manifest_merge_blame_file/release/manifest-merger-blame-release-report.txt
1<?xml version="1.0" encoding="utf-8"?>
2<manifest xmlns:android="http://schemas.android.com/apk/res/android"
3    package="com.panaceasoft.flutterbuyandsell"
4    android:versionCode="7"
5    android:versionName="1.5.0" >
6
7    <uses-sdk
8        android:minSdkVersion="21"
8-->src\main\AndroidManifest.xml
9        android:targetSdkVersion="29" />
9-->src\main\AndroidManifest.xml
10    <!--
11         io.flutter.app.FlutterApplication is an android.app.Application that
12         calls FlutterMain.startInitialization(this); in its onCreate method.
13         In most cases you can leave this as-is, but you if you want to provide
14         additional functionality it is fine to subclass or reimplement
15         FlutterApplication and put your custom class here.
16    -->
17    <uses-permission android:name="android.permission.INTERNET" />
17-->src\main\AndroidManifest.xml:8:5-67
17-->src\main\AndroidManifest.xml:8:22-64
18    <uses-permission android:name="android.permission.WRITE_EXTERNAL_STORAGE" />
18-->src\main\AndroidManifest.xml:9:5-81
18-->src\main\AndroidManifest.xml:9:22-78
19    <uses-permission android:name="android.permission.READ_EXTERNAL_STORAGE" />
19-->src\main\AndroidManifest.xml:10:5-80
19-->src\main\AndroidManifest.xml:10:22-77
20    <uses-permission android:name="android.permission.VIBRATE" />
20-->src\main\AndroidManifest.xml:11:5-66
20-->src\main\AndroidManifest.xml:11:22-63
21    <uses-permission android:name="android.permission.RECEIVE_BOOT_COMPLETED" />
21-->src\main\AndroidManifest.xml:12:5-80
21-->src\main\AndroidManifest.xml:12:22-78
22    <uses-permission android:name="android.permission.CAMERA" />
22-->src\main\AndroidManifest.xml:13:5-65
22-->src\main\AndroidManifest.xml:13:22-62
23    <uses-permission android:name="android.permission.FLASHLIGHT" />
23-->src\main\AndroidManifest.xml:14:5-69
23-->src\main\AndroidManifest.xml:14:22-66
24    <uses-permission android:name="android.permission.ACCESS_NETWORK_STATE" />
24-->[:connectivity] AndroidManifest.xml:7:5-79
24-->[:connectivity] AndroidManifest.xml:7:22-76
25    <uses-permission android:name="android.permission.ACCESS_WIFI_STATE" />
25-->[:connectivity] AndroidManifest.xml:8:5-76
25-->[:connectivity] AndroidManifest.xml:8:22-73
26    <uses-permission android:name="android.permission.WAKE_LOCK" /> <!-- Required by older versions of Google Play services to create IID tokens -->
26-->[com.google.android.gms:play-services-measurement-api:17.3.0] AndroidManifest.xml:24:5-68
26-->[com.google.android.gms:play-services-measurement-api:17.3.0] AndroidManifest.xml:24:22-65
27    <uses-permission android:name="com.google.android.c2dm.permission.RECEIVE" />
27-->[com.google.firebase:firebase-iid:20.1.5] AndroidManifest.xml:26:5-82
27-->[com.google.firebase:firebase-iid:20.1.5] AndroidManifest.xml:26:22-79
28    <uses-permission android:name="com.google.android.finsky.permission.BIND_GET_INSTALL_REFERRER_SERVICE" />
28-->[com.google.android.gms:play-services-measurement:17.3.0] AndroidManifest.xml:26:5-110
28-->[com.google.android.gms:play-services-measurement:17.3.0] AndroidManifest.xml:26:22-107
29
30    <uses-feature
30-->[com.google.android.gms:play-services-maps:17.0.0] AndroidManifest.xml:26:5-28:35
31        android:glEsVersion="0x00020000"
31-->[com.google.android.gms:play-services-maps:17.0.0] AndroidManifest.xml:27:9-41
32        android:required="true" />
32-->[com.google.android.gms:play-services-maps:17.0.0] AndroidManifest.xml:28:9-32
33    <uses-feature
33-->[io.card:android-sdk:5.5.1] AndroidManifest.xml:12:5-14:36
34        android:name="android.hardware.camera"
34-->[io.card:android-sdk:5.5.1] AndroidManifest.xml:13:9-47
35        android:required="false" />
35-->[io.card:android-sdk:5.5.1] AndroidManifest.xml:14:9-33
36    <uses-feature
36-->[io.card:android-sdk:5.5.1] AndroidManifest.xml:15:5-17:36
37        android:name="android.hardware.camera.autofocus"
37-->[io.card:android-sdk:5.5.1] AndroidManifest.xml:16:9-57
38        android:required="false" />
38-->[io.card:android-sdk:5.5.1] AndroidManifest.xml:17:9-33
39    <!--
40 android:name="io.flutter.app.FlutterApplication"
41    android:name="io.flutter.app.FlutterApplication"
42    android:name=".Application"
43    -->
44    <application
44-->src\main\AndroidManifest.xml:18:5-78:19
45        android:name="com.panaceasoft.flutterbuyandsell.Application"
45-->src\main\AndroidManifest.xml:19:9-36
46        android:allowBackup="true"
46-->[org.jfrog.cardinalcommerce.gradle:cardinalmobilesdk:2.2.1-2] AndroidManifest.xml:14:9-35
47        android:appComponentFactory="androidx.core.app.CoreComponentFactory"
47-->[androidx.core:core:1.1.0] AndroidManifest.xml:24:18-86
48        android:icon="@mipmap/ic_launcher"
48-->src\main\AndroidManifest.xml:23:9-43
49        android:label="Kariac"
49-->src\main\AndroidManifest.xml:21:9-31
50        android:requestLegacyExternalStorage="true"
50-->src\main\AndroidManifest.xml:22:9-52
51        android:supportsRtl="true"
51-->[com.facebook.android:facebook-login:5.5.1] AndroidManifest.xml:28:18-44
52        android:theme="@style/Theme.AppCompat.Light.NoActionBar" >
52-->[:stripe_payment] AndroidManifest.xml:11:18-74
53        <activity
53-->src\main\AndroidManifest.xml:24:9-48:20
54            android:name="com.panaceasoft.flutterbuyandsell.MainActivity"
54-->src\main\AndroidManifest.xml:25:13-41
55            android:configChanges="orientation|keyboardHidden|keyboard|screenSize|smallestScreenSize|locale|layoutDirection|fontScale|screenLayout|density|uiMode"
55-->src\main\AndroidManifest.xml:28:13-163
56            android:hardwareAccelerated="true"
56-->src\main\AndroidManifest.xml:29:13-47
57            android:launchMode="singleTop"
57-->src\main\AndroidManifest.xml:26:13-43
58            android:theme="@style/LaunchTheme"
58-->src\main\AndroidManifest.xml:27:13-47
59            android:windowSoftInputMode="adjustResize" >
59-->src\main\AndroidManifest.xml:31:13-55
60
61            <!--
62                 This keeps the window background of the activity showing
63                 until Flutter renders its first frame. It can be removed if
64                 there is no splash screen (such as the default splash screen
65                 defined in @style/LaunchTheme).
66            -->
67            <meta-data
67-->src\main\AndroidManifest.xml:36:13-38:40
68                android:name="io.flutter.app.android.SplashScreenUntilFirstFrame"
68-->src\main\AndroidManifest.xml:37:17-82
69                android:value="true" />
69-->src\main\AndroidManifest.xml:38:17-37
70
71            <intent-filter>
71-->src\main\AndroidManifest.xml:39:13-42:29
72                <action android:name="android.intent.action.MAIN" />
72-->src\main\AndroidManifest.xml:40:17-68
72-->src\main\AndroidManifest.xml:40:25-66
73
74                <category android:name="android.intent.category.LAUNCHER" />
74-->src\main\AndroidManifest.xml:41:17-76
74-->src\main\AndroidManifest.xml:41:27-74
75            </intent-filter>
76            <intent-filter>
76-->src\main\AndroidManifest.xml:43:13-46:29
77                <action android:name="FLUTTER_NOTIFICATION_CLICK" />
77-->src\main\AndroidManifest.xml:44:17-69
77-->src\main\AndroidManifest.xml:44:25-66
78
79                <category android:name="android.intent.category.DEFAULT" />
79-->src\main\AndroidManifest.xml:45:17-76
79-->src\main\AndroidManifest.xml:45:27-73
80            </intent-filter>
81        </activity>
82        <activity
82-->src\main\AndroidManifest.xml:49:9-57:20
83            android:name="com.braintreepayments.api.BraintreeBrowserSwitchActivity"
83-->src\main\AndroidManifest.xml:49:19-90
84            android:launchMode="singleTask" >
84-->src\main\AndroidManifest.xml:50:13-44
85            <intent-filter>
85-->src\main\AndroidManifest.xml:51:13-56:29
86                <action android:name="android.intent.action.VIEW" />
86-->src\main\AndroidManifest.xml:52:17-69
86-->src\main\AndroidManifest.xml:52:25-66
87
88                <category android:name="android.intent.category.DEFAULT" />
88-->src\main\AndroidManifest.xml:45:17-76
88-->src\main\AndroidManifest.xml:45:27-73
89                <category android:name="android.intent.category.BROWSABLE" />
89-->src\main\AndroidManifest.xml:54:17-78
89-->src\main\AndroidManifest.xml:54:27-75
90
91                <data android:scheme="com.panaceasoft.flutterbuyandsell.braintree" />
91-->src\main\AndroidManifest.xml:55:23-66
92            </intent-filter>
93        </activity>
94
95        <meta-data
95-->src\main\AndroidManifest.xml:58:9-59:46
96            android:name="com.facebook.sdk.ApplicationId"
96-->src\main\AndroidManifest.xml:58:20-65
97            android:value="@string/facebook_app_id" />
97-->src\main\AndroidManifest.xml:59:5-44
98        <!-- TODO: Replace with your real AdMob app ID -->
99        <meta-data
99-->src\main\AndroidManifest.xml:61:9-63:66
100            android:name="com.google.android.gms.ads.APPLICATION_ID"
100-->src\main\AndroidManifest.xml:62:13-69
101            android:value="@string/android__admob_ads_id_key" />
101-->src\main\AndroidManifest.xml:63:13-63
102
103        <activity
103-->src\main\AndroidManifest.xml:64:9-67:40
104            android:name="com.facebook.FacebookActivity"
104-->src\main\AndroidManifest.xml:64:19-63
105            android:configChanges="keyboard|keyboardHidden|screenLayout|screenSize|orientation"
105-->src\main\AndroidManifest.xml:65:5-101
106            android:label="@string/app_name"
106-->src\main\AndroidManifest.xml:67:5-37
107            android:theme="@style/com_facebook_activity_theme" />
107-->[com.facebook.android:facebook-common:5.5.1] AndroidManifest.xml:32:13-63
108        <activity
108-->src\main\AndroidManifest.xml:68:9-77:20
109            android:name="com.facebook.CustomTabActivity"
109-->src\main\AndroidManifest.xml:69:13-58
110            android:exported="true" >
110-->src\main\AndroidManifest.xml:70:13-36
111            <intent-filter>
111-->src\main\AndroidManifest.xml:71:13-76:29
112                <action android:name="android.intent.action.VIEW" />
112-->src\main\AndroidManifest.xml:52:17-69
112-->src\main\AndroidManifest.xml:52:25-66
113
114                <category android:name="android.intent.category.DEFAULT" />
114-->src\main\AndroidManifest.xml:45:17-76
114-->src\main\AndroidManifest.xml:45:27-73
115                <category android:name="android.intent.category.BROWSABLE" />
115-->src\main\AndroidManifest.xml:54:17-78
115-->src\main\AndroidManifest.xml:54:27-75
116
117                <data android:scheme="@string/fb_login_protocol_scheme" />
117-->src\main\AndroidManifest.xml:55:23-66
118            </intent-filter>
119        </activity>
120
121        <service android:name="io.flutter.plugins.firebasemessaging.FlutterFirebaseMessagingService" >
121-->[:firebase_messaging] AndroidManifest.xml:8:9-12:19
121-->[:firebase_messaging] AndroidManifest.xml:8:18-101
122            <intent-filter>
122-->[:firebase_messaging] AndroidManifest.xml:9:13-11:29
123                <action android:name="com.google.firebase.MESSAGING_EVENT" />
123-->[:firebase_messaging] AndroidManifest.xml:10:17-78
123-->[:firebase_messaging] AndroidManifest.xml:10:25-75
124            </intent-filter>
125        </service>
126        <service
126-->[:firebase_messaging] AndroidManifest.xml:13:9-17:19
127            android:name="com.google.firebase.components.ComponentDiscoveryService"
127-->[:firebase_messaging] AndroidManifest.xml:13:18-89
128            android:directBootAware="true"
128-->[com.google.firebase:firebase-common:19.3.0] AndroidManifest.xml:34:13-43
129            android:exported="false" >
129-->[com.google.firebase:firebase-messaging:20.1.5] AndroidManifest.xml:37:13-37
130            <meta-data
130-->[:firebase_messaging] AndroidManifest.xml:14:13-16:85
131                android:name="com.google.firebase.components:io.flutter.plugins.firebasemessaging.FlutterFirebaseAppRegistrar"
131-->[:firebase_messaging] AndroidManifest.xml:15:17-127
132                android:value="com.google.firebase.components.ComponentRegistrar" />
132-->[:firebase_messaging] AndroidManifest.xml:16:17-82
133            <meta-data
133-->[com.google.firebase:firebase-messaging:20.1.5] AndroidManifest.xml:38:13-40:85
134                android:name="com.google.firebase.components:com.google.firebase.messaging.FirebaseMessagingRegistrar"
134-->[com.google.firebase:firebase-messaging:20.1.5] AndroidManifest.xml:39:17-119
135                android:value="com.google.firebase.components.ComponentRegistrar" />
135-->[com.google.firebase:firebase-messaging:20.1.5] AndroidManifest.xml:40:17-82
136            <meta-data
136-->[:firebase_database] AndroidManifest.xml:9:13-11:85
137                android:name="com.google.firebase.components:io.flutter.plugins.firebase.database.FlutterFirebaseAppRegistrar"
137-->[:firebase_database] AndroidManifest.xml:10:17-127
138                android:value="com.google.firebase.components.ComponentRegistrar" />
138-->[:firebase_database] AndroidManifest.xml:11:17-82
139            <meta-data
139-->[:firebase_auth] AndroidManifest.xml:9:13-11:85
140                android:name="com.google.firebase.components:io.flutter.plugins.firebaseauth.FlutterFirebaseAppRegistrar"
140-->[:firebase_auth] AndroidManifest.xml:10:17-122
141                android:value="com.google.firebase.components.ComponentRegistrar" />
141-->[:firebase_auth] AndroidManifest.xml:11:17-82
142            <meta-data
142-->[:firebase_core] AndroidManifest.xml:9:13-11:85
143                android:name="com.google.firebase.components:io.flutter.plugins.firebase.core.FlutterFirebaseAppRegistrar"
143-->[:firebase_core] AndroidManifest.xml:10:17-123
144                android:value="com.google.firebase.components.ComponentRegistrar" />
144-->[:firebase_core] AndroidManifest.xml:11:17-82
145            <meta-data
145-->[com.google.android.gms:play-services-measurement-api:17.3.0] AndroidManifest.xml:30:13-32:85
146                android:name="com.google.firebase.components:com.google.firebase.analytics.connector.internal.AnalyticsConnectorRegistrar"
146-->[com.google.android.gms:play-services-measurement-api:17.3.0] AndroidManifest.xml:31:17-139
147                android:value="com.google.firebase.components.ComponentRegistrar" />
147-->[com.google.android.gms:play-services-measurement-api:17.3.0] AndroidManifest.xml:32:17-82
148            <meta-data
148-->[com.google.firebase:firebase-iid:20.1.5] AndroidManifest.xml:32:13-34:85
149                android:name="com.google.firebase.components:com.google.firebase.iid.Registrar"
149-->[com.google.firebase:firebase-iid:20.1.5] AndroidManifest.xml:33:17-96
150                android:value="com.google.firebase.components.ComponentRegistrar" />
150-->[com.google.firebase:firebase-iid:20.1.5] AndroidManifest.xml:34:17-82
151            <meta-data
151-->[com.google.firebase:firebase-datatransport:17.0.3] AndroidManifest.xml:28:13-30:85
152                android:name="com.google.firebase.components:com.google.firebase.datatransport.TransportRegistrar"
152-->[com.google.firebase:firebase-datatransport:17.0.3] AndroidManifest.xml:29:17-115
153                android:value="com.google.firebase.components.ComponentRegistrar" />
153-->[com.google.firebase:firebase-datatransport:17.0.3] AndroidManifest.xml:30:17-82
154            <meta-data
154-->[com.google.firebase:firebase-installations:16.2.1] AndroidManifest.xml:17:13-19:85
155                android:name="com.google.firebase.components:com.google.firebase.installations.FirebaseInstallationsRegistrar"
155-->[com.google.firebase:firebase-installations:16.2.1] AndroidManifest.xml:18:17-127
156                android:value="com.google.firebase.components.ComponentRegistrar" />
156-->[com.google.firebase:firebase-installations:16.2.1] AndroidManifest.xml:19:17-82
157            <meta-data
157-->[com.google.firebase:firebase-database:17.0.0] AndroidManifest.xml:30:13-32:85
158                android:name="com.google.firebase.components:com.google.firebase.database.DatabaseRegistrar"
158-->[com.google.firebase:firebase-database:17.0.0] AndroidManifest.xml:31:17-109
159                android:value="com.google.firebase.components.ComponentRegistrar" />
159-->[com.google.firebase:firebase-database:17.0.0] AndroidManifest.xml:32:17-82
160            <meta-data
160-->[com.google.firebase:firebase-auth:19.2.0] AndroidManifest.xml:36:13-38:85
161                android:name="com.google.firebase.components:com.google.firebase.auth.FirebaseAuthRegistrar"
161-->[com.google.firebase:firebase-auth:19.2.0] AndroidManifest.xml:37:17-109
162                android:value="com.google.firebase.components.ComponentRegistrar" />
162-->[com.google.firebase:firebase-auth:19.2.0] AndroidManifest.xml:38:17-82
163        </service>
164        <!--
165             FirebaseMessagingService performs security checks at runtime,
166             but set to not exported to explicitly avoid allowing another app to call it.
167        -->
168        <service
168-->[com.google.firebase:firebase-messaging:20.1.5] AndroidManifest.xml:28:9-34:19
169            android:name="com.google.firebase.messaging.FirebaseMessagingService"
169-->[com.google.firebase:firebase-messaging:20.1.5] AndroidManifest.xml:29:13-82
170            android:exported="false" >
170-->[com.google.firebase:firebase-messaging:20.1.5] AndroidManifest.xml:30:13-37
171            <intent-filter android:priority="-500" >
171-->[:firebase_messaging] AndroidManifest.xml:9:13-11:29
172                <action android:name="com.google.firebase.MESSAGING_EVENT" />
172-->[:firebase_messaging] AndroidManifest.xml:10:17-78
172-->[:firebase_messaging] AndroidManifest.xml:10:25-75
173            </intent-filter>
174        </service>
175
176        <provider
176-->[:esys_flutter_share] AndroidManifest.xml:8:9-16:20
177            android:name="de.esys.esysfluttershare.EsysFlutterShareFileProvider"
177-->[:esys_flutter_share] AndroidManifest.xml:9:13-81
178            android:authorities="com.panaceasoft.flutterbuyandsell.fileprovider.github.com/orgs/esysberlin/esys-flutter-share"
178-->[:esys_flutter_share] AndroidManifest.xml:10:13-110
179            android:exported="false"
179-->[:esys_flutter_share] AndroidManifest.xml:11:13-37
180            android:grantUriPermissions="true" >
180-->[:esys_flutter_share] AndroidManifest.xml:12:13-47
181            <meta-data
181-->[:esys_flutter_share] AndroidManifest.xml:13:13-15:72
182                android:name="android.support.FILE_PROVIDER_PATHS"
182-->[:esys_flutter_share] AndroidManifest.xml:14:17-67
183                android:resource="@xml/esys_flutter_share_filepaths" />
183-->[:esys_flutter_share] AndroidManifest.xml:15:17-69
184        </provider>
185
186        <activity
186-->[:url_launcher] AndroidManifest.xml:8:9-11:74
187            android:name="io.flutter.plugins.urllauncher.WebViewActivity"
187-->[:url_launcher] AndroidManifest.xml:9:13-74
188            android:exported="false"
188-->[:url_launcher] AndroidManifest.xml:10:13-37
189            android:theme="@android:style/Theme.NoTitleBar.Fullscreen" />
189-->[:url_launcher] AndroidManifest.xml:11:13-71
190        <activity
190-->[:razorpay_flutter] AndroidManifest.xml:8:9-11:20
191            android:name="com.razorpay.CheckoutActivity"
191-->[:razorpay_flutter] AndroidManifest.xml:9:13-57
192            android:configChanges="keyboard|keyboardHidden|orientation|screenSize"
192-->[com.razorpay:checkout:1.5.16] AndroidManifest.xml:20:13-83
193            android:label="Razorpay Checkout"
193-->[:razorpay_flutter] AndroidManifest.xml:10:13-46
194            android:theme="@style/CheckoutTheme" >
194-->[com.razorpay:checkout:1.5.16] AndroidManifest.xml:21:13-49
195            <intent-filter>
195-->[com.razorpay:checkout:1.5.16] AndroidManifest.xml:22:13-28:29
196                <action android:name="android.intent.action.MAIN" />
196-->src\main\AndroidManifest.xml:40:17-68
196-->src\main\AndroidManifest.xml:40:25-66
197
198                <data
199                    android:host="rzp.io"
200                    android:scheme="io.rzp" />
200-->src\main\AndroidManifest.xml:55:23-66
201            </intent-filter>
202        </activity>
203
204        <provider
204-->[:flutter_webview_plugin] AndroidManifest.xml:9:9-18:20
205            android:name="androidx.core.content.FileProvider"
205-->[:flutter_webview_plugin] AndroidManifest.xml:10:13-62
206            android:authorities="com.panaceasoft.flutterbuyandsell.fileprovider"
206-->[:flutter_webview_plugin] AndroidManifest.xml:11:13-64
207            android:exported="false"
207-->[:flutter_webview_plugin] AndroidManifest.xml:12:13-37
208            android:grantUriPermissions="true" >
208-->[:flutter_webview_plugin] AndroidManifest.xml:13:13-47
209            <meta-data
209-->[:esys_flutter_share] AndroidManifest.xml:13:13-15:72
210                android:name="android.support.FILE_PROVIDER_PATHS"
210-->[:esys_flutter_share] AndroidManifest.xml:14:17-67
211                android:resource="@xml/filepaths" />
211-->[:esys_flutter_share] AndroidManifest.xml:15:17-69
212        </provider>
213
214        <meta-data
214-->[:stripe_payment] AndroidManifest.xml:12:9-14:36
215            android:name="com.google.android.gms.wallet.api.enabled"
215-->[:stripe_payment] AndroidManifest.xml:13:13-69
216            android:value="true" />
216-->[:stripe_payment] AndroidManifest.xml:14:13-33
217
218        <activity
218-->[:stripe_payment] AndroidManifest.xml:16:9-20:75
219            android:name="com.gettipsi.stripe.OpenBrowserActivity"
219-->[:stripe_payment] AndroidManifest.xml:17:13-67
220            android:exported="false"
220-->[:stripe_payment] AndroidManifest.xml:18:13-37
221            android:launchMode="singleTask"
221-->[:stripe_payment] AndroidManifest.xml:19:13-44
222            android:theme="@android:style/Theme.Translucent.NoTitleBar" />
222-->[:stripe_payment] AndroidManifest.xml:20:13-72
223        <activity
223-->[:stripe_payment] AndroidManifest.xml:21:9-34:20
224            android:name="com.gettipsi.stripe.RedirectUriReceiver"
224-->[:stripe_payment] AndroidManifest.xml:22:13-67
225            android:exported="true"
225-->[:stripe_payment] AndroidManifest.xml:23:13-36
226            android:launchMode="singleTask"
226-->[:stripe_payment] AndroidManifest.xml:24:13-44
227            android:theme="@android:style/Theme.Translucent.NoTitleBar.Fullscreen" >
227-->[:stripe_payment] AndroidManifest.xml:25:13-83
228            <intent-filter>
228-->[:stripe_payment] AndroidManifest.xml:26:13-33:29
229                <action android:name="android.intent.action.VIEW" />
229-->src\main\AndroidManifest.xml:52:17-69
229-->src\main\AndroidManifest.xml:52:25-66
230
231                <category android:name="android.intent.category.DEFAULT" />
231-->src\main\AndroidManifest.xml:45:17-76
231-->src\main\AndroidManifest.xml:45:27-73
232                <category android:name="android.intent.category.BROWSABLE" />
232-->src\main\AndroidManifest.xml:54:17-78
232-->src\main\AndroidManifest.xml:54:27-75
233
234                <data android:scheme="example" />
234-->src\main\AndroidManifest.xml:55:23-66
235            </intent-filter>
236        </activity>
237
238        <receiver
238-->[com.google.firebase:firebase-iid:20.1.5] AndroidManifest.xml:37:9-44:20
239            android:name="com.google.firebase.iid.FirebaseInstanceIdReceiver"
239-->[com.google.firebase:firebase-iid:20.1.5] AndroidManifest.xml:38:13-78
240            android:exported="true"
240-->[com.google.firebase:firebase-iid:20.1.5] AndroidManifest.xml:39:13-36
241            android:permission="com.google.android.c2dm.permission.SEND" >
241-->[com.google.firebase:firebase-iid:20.1.5] AndroidManifest.xml:40:13-73
242            <intent-filter>
242-->[com.google.firebase:firebase-iid:20.1.5] AndroidManifest.xml:41:13-43:29
243                <action android:name="com.google.android.c2dm.intent.RECEIVE" />
243-->[com.google.firebase:firebase-iid:20.1.5] AndroidManifest.xml:42:17-81
243-->[com.google.firebase:firebase-iid:20.1.5] AndroidManifest.xml:42:25-78
244            </intent-filter>
245        </receiver>
246        <receiver
246-->[com.google.android.gms:play-services-measurement:17.3.0] AndroidManifest.xml:29:9-33:20
247            android:name="com.google.android.gms.measurement.AppMeasurementReceiver"
247-->[com.google.android.gms:play-services-measurement:17.3.0] AndroidManifest.xml:30:13-85
248            android:enabled="true"
248-->[com.google.android.gms:play-services-measurement:17.3.0] AndroidManifest.xml:31:13-35
249            android:exported="false" >
249-->[com.google.android.gms:play-services-measurement:17.3.0] AndroidManifest.xml:32:13-37
250        </receiver>
251        <receiver
251-->[com.google.android.gms:play-services-measurement:17.3.0] AndroidManifest.xml:34:9-42:20
252            android:name="com.google.android.gms.measurement.AppMeasurementInstallReferrerReceiver"
252-->[com.google.android.gms:play-services-measurement:17.3.0] AndroidManifest.xml:35:13-100
253            android:enabled="true"
253-->[com.google.android.gms:play-services-measurement:17.3.0] AndroidManifest.xml:36:13-35
254            android:exported="true"
254-->[com.google.android.gms:play-services-measurement:17.3.0] AndroidManifest.xml:37:13-36
255            android:permission="android.permission.INSTALL_PACKAGES" >
255-->[com.google.android.gms:play-services-measurement:17.3.0] AndroidManifest.xml:38:13-69
256            <intent-filter>
256-->[com.google.android.gms:play-services-measurement:17.3.0] AndroidManifest.xml:39:13-41:29
257                <action android:name="com.android.vending.INSTALL_REFERRER" />
257-->[com.google.android.gms:play-services-measurement:17.3.0] AndroidManifest.xml:40:17-79
257-->[com.google.android.gms:play-services-measurement:17.3.0] AndroidManifest.xml:40:25-76
258            </intent-filter>
259        </receiver>
260
261        <service
261-->[com.google.android.gms:play-services-measurement:17.3.0] AndroidManifest.xml:44:9-47:40
262            android:name="com.google.android.gms.measurement.AppMeasurementService"
262-->[com.google.android.gms:play-services-measurement:17.3.0] AndroidManifest.xml:45:13-84
263            android:enabled="true"
263-->[com.google.android.gms:play-services-measurement:17.3.0] AndroidManifest.xml:46:13-35
264            android:exported="false" />
264-->[com.google.android.gms:play-services-measurement:17.3.0] AndroidManifest.xml:47:13-37
265        <service
265-->[com.google.android.gms:play-services-measurement:17.3.0] AndroidManifest.xml:48:9-52:72
266            android:name="com.google.android.gms.measurement.AppMeasurementJobService"
266-->[com.google.android.gms:play-services-measurement:17.3.0] AndroidManifest.xml:49:13-87
267            android:enabled="true"
267-->[com.google.android.gms:play-services-measurement:17.3.0] AndroidManifest.xml:50:13-35
268            android:exported="false"
268-->[com.google.android.gms:play-services-measurement:17.3.0] AndroidManifest.xml:51:13-37
269            android:permission="android.permission.BIND_JOB_SERVICE" />
269-->[com.google.android.gms:play-services-measurement:17.3.0] AndroidManifest.xml:52:13-69
270
271        <activity
271-->[com.google.firebase:firebase-auth:19.2.0] AndroidManifest.xml:24:9-31:50
272            android:name="com.google.firebase.auth.internal.FederatedSignInActivity"
272-->[com.google.firebase:firebase-auth:19.2.0] AndroidManifest.xml:25:13-85
273            android:excludeFromRecents="true"
273-->[com.google.firebase:firebase-auth:19.2.0] AndroidManifest.xml:26:13-46
274            android:exported="true"
274-->[com.google.firebase:firebase-auth:19.2.0] AndroidManifest.xml:27:13-36
275            android:launchMode="singleTask"
275-->[com.google.firebase:firebase-auth:19.2.0] AndroidManifest.xml:28:13-44
276            android:permission="com.google.firebase.auth.api.gms.permission.LAUNCH_FEDERATED_SIGN_IN"
276-->[com.google.firebase:firebase-auth:19.2.0] AndroidManifest.xml:29:13-102
277            android:theme="@android:style/Theme.Translucent.NoTitleBar" />
277-->[com.google.firebase:firebase-auth:19.2.0] AndroidManifest.xml:30:13-72
278
279        <provider
279-->[com.google.firebase:firebase-common:19.3.0] AndroidManifest.xml:26:9-30:39
280            android:name="com.google.firebase.provider.FirebaseInitProvider"
280-->[com.google.firebase:firebase-common:19.3.0] AndroidManifest.xml:27:13-77
281            android:authorities="com.panaceasoft.flutterbuyandsell.firebaseinitprovider"
281-->[com.google.firebase:firebase-common:19.3.0] AndroidManifest.xml:28:13-72
282            android:exported="false"
282-->[com.google.firebase:firebase-common:19.3.0] AndroidManifest.xml:29:13-37
283            android:initOrder="100" />
283-->[com.google.firebase:firebase-common:19.3.0] AndroidManifest.xml:30:13-36
284
285        <activity
285-->[com.google.android.gms:play-services-auth:16.0.1] AndroidManifest.xml:23:9-27:75
286            android:name="com.google.android.gms.auth.api.signin.internal.SignInHubActivity"
286-->[com.google.android.gms:play-services-auth:16.0.1] AndroidManifest.xml:24:13-93
287            android:excludeFromRecents="true"
287-->[com.google.android.gms:play-services-auth:16.0.1] AndroidManifest.xml:25:13-46
288            android:exported="false"
288-->[com.google.android.gms:play-services-auth:16.0.1] AndroidManifest.xml:26:13-37
289            android:theme="@android:style/Theme.Translucent.NoTitleBar" />
289-->[com.google.android.gms:play-services-auth:16.0.1] AndroidManifest.xml:27:13-72
290        <!--
291            Service handling Google Sign-In user revocation. For apps that do not integrate with
292            Google Sign-In, this service will never be started.
293        -->
294        <service
294-->[com.google.android.gms:play-services-auth:16.0.1] AndroidManifest.xml:33:9-36:110